<?xml version="1.0" encoding="UTF-8"?>
<!-- Generated by org.testng.reporters.JUnitXMLReporter -->
<testsuite ignored="0" hostname="GEIGIHWL200920" failures="1" tests="1" name="SignUp Email Flow Test" time="0.026" errors="0" timestamp="2023-05-16T11:15:46 IST">
  <testcase classname="com.tests.edvanza.SignUPEmailFlowTest" name="testSignUpEmailFlow" time="0.0">
    <failure type="org.testng.TestNGException" message="
Cannot inject @Test annotated Method [testSignUpEmailFlow] with [class java.lang.String, class java.lang.String, class java.lang.String].
For more information on native dependency injection please refer to https://testng.org/doc/documentation-main.html#native-dependency-injection">
      <![CDATA[org.testng.TestNGException: 
Cannot inject @Test annotated Method [testSignUpEmailFlow] with [class java.lang.String, class java.lang.String, class java.lang.String].
For more information on native dependency injection please refer to https://testng.org/doc/documentation-main.html#native-dependency-injection
at java.base/java.util.ArrayList.forEach(ArrayList.java:1511)
... Removed 26 stack frames]]>
    </failure>
  </testcase> <!-- testSignUpEmailFlow -->
</testsuite> <!-- SignUp Email Flow Test -->
