<?xml version="1.0" encoding="UTF-8"?>
<!-- Generated by org.testng.reporters.JUnitXMLReporter -->
<testsuite ignored="8" hostname="GEIGIHWL200920" failures="1" tests="4" name="Happy Path Automated - Email Flow" time="107.802" errors="0" timestamp="2022-11-11T15:50:09 IST">
  <testcase classname="com.tests.edvanza.SpashScreenTest" name="testspalshScreenFlow" time="13.174"/>
  <testcase classname="com.tests.edvanza.RegisterScreenTest" name="testregisterScreenFlow" time="34.368"/>
  <testcase classname="com.tests.edvanza.SignUpScreenTest" name="testsignUpScreen" time="0.007">
    <failure type="java.lang.AssertionError" message="expected [true] but found [false]">
      <![CDATA[java.lang.AssertionError: expected [true] but found [false]
at com.pages.edvanza.SignUpScreen.verifyLandingPageTitle(SignUpScreen.java:59)
at com.tests.edvanza.SignUpScreenTest.testsignUpScreen(SignUpScreenTest.java:22)
at java.base/java.util.ArrayList.forEach(ArrayList.java:1511)
... Removed 31 stack frames]]>
    </failure>
  </testcase> <!-- testsignUpScreen -->
  <testcase classname="com.tests.edvanza.WelcomeToEdvanzaTest" name="testspalshScreenFlow" time="60.096"/>
  <testcase classname="com.base.edvanza.BasePage" name="@AfterSuite tearDown" time="0.0">
    <ignored/>
  </testcase> <!-- @AfterSuite tearDown -->
  <testcase classname="com.base.edvanza.BasePage" name="@AfterSuite tearDown" time="0.0">
    <ignored/>
  </testcase> <!-- @AfterSuite tearDown -->
  <testcase classname="com.base.edvanza.BasePage" name="@AfterSuite tearDown" time="0.0">
    <ignored/>
  </testcase> <!-- @AfterSuite tearDown -->
  <testcase classname="com.base.edvanza.BasePage" name="@AfterSuite tearDown" time="0.0">
    <ignored/>
  </testcase> <!-- @AfterSuite tearDown -->
  <testcase classname="com.base.edvanza.BasePage" name="@BeforeSuite setUp" time="0.0">
    <ignored/>
  </testcase> <!-- @BeforeSuite setUp -->
  <testcase classname="com.base.edvanza.BasePage" name="@BeforeSuite setUp" time="0.0">
    <ignored/>
  </testcase> <!-- @BeforeSuite setUp -->
  <testcase classname="com.base.edvanza.BasePage" name="@BeforeSuite setUp" time="0.0">
    <ignored/>
  </testcase> <!-- @BeforeSuite setUp -->
  <testcase classname="com.base.edvanza.BasePage" name="@BeforeSuite setUp" time="0.0">
    <ignored/>
  </testcase> <!-- @BeforeSuite setUp -->
</testsuite> <!-- Happy Path Automated - Email Flow -->
