<?xml version="1.0" encoding="UTF-8"?>
<!-- Generated by org.testng.reporters.JUnitXMLReporter -->
<testsuite hostname="Shaliens-MacBook-Air.local" ignored="0" name="Default test" tests="4" failures="0" timestamp="2023-05-29T13:33:04 IST" time="5.24" errors="0">
  <testcase name="testbuildverification" time="0.09" classname="com.tests.edvanza.SignUPEmailFlowTest"/>
  <testcase name="testPreSignUpFlow" time="3.034" classname="com.tests.edvanza.SignUPEmailFlowTest"/>
  <testcase name="testSignUpEmailScreens" time="2.021" classname="com.tests.edvanza.SignUPEmailFlowTest"/>
  <testcase name="testOnboardingFlow" time="0.011" classname="com.tests.edvanza.SignUPEmailFlowTest"/>
</testsuite> <!-- Default test -->
