<?xml version="1.0" encoding="UTF-8"?>
<!-- Generated by org.testng.reporters.JUnitXMLReporter -->
<testsuite ignored="6" hostname="GEIGIHWL200920" failures="0" tests="3" name="Test" time="36.116" errors="0" timestamp="2022-11-08T12:31:07 IST">
  <testcase classname="com.tests.edvanza.SpashScreenTest" name="testspalshScreenFlow" time="13.147"/>
  <testcase classname="com.tests.edvanza.RegisterScreenTest" name="testregisterScreenFlow" time="7.579"/>
  <testcase classname="com.tests.edvanza.SignUpScreenTest" name="testsignUpScreen" time="15.334"/>
  <testcase classname="com.base.edvanza.BasePage" name="@AfterSuite tearDown" time="0.0">
    <ignored/>
  </testcase> <!-- @AfterSuite tearDown -->
  <testcase classname="com.base.edvanza.BasePage" name="@AfterSuite tearDown" time="0.0">
    <ignored/>
  </testcase> <!-- @AfterSuite tearDown -->
  <testcase classname="com.base.edvanza.BasePage" name="@AfterSuite tearDown" time="0.0">
    <ignored/>
  </testcase> <!-- @AfterSuite tearDown -->
  <testcase classname="com.base.edvanza.BasePage" name="@BeforeSuite setUp" time="0.0">
    <ignored/>
  </testcase> <!-- @BeforeSuite setUp -->
  <testcase classname="com.base.edvanza.BasePage" name="@BeforeSuite setUp" time="0.0">
    <ignored/>
  </testcase> <!-- @BeforeSuite setUp -->
  <testcase classname="com.base.edvanza.BasePage" name="@BeforeSuite setUp" time="0.0">
    <ignored/>
  </testcase> <!-- @BeforeSuite setUp -->
</testsuite> <!-- Test -->
